<?xml version="1.0" encoding="UTF-8"?>
<testsuite name="dongguk.rangers.RangersApplicationTests" tests="1" skipped="0" failures="0" errors="0" timestamp="2024-08-14T12:59:12" hostname="iso-eun-ui-noteubug.local" time="0.274">
  <properties/>
  <testcase name="contextLoads()" classname="dongguk.rangers.RangersApplicationTests" time="0.274"/>
  <system-out><![CDATA[21:59:11.196 [Test worker] INFO org.springframework.test.context.support.AnnotationConfigContextLoaderUtils -- Could not detect default configuration classes for test class [dongguk.rangers.RangersApplicationTests]: RangersApplicationTests does not declare any static, non-private, non-final, nested classes annotated with @Configuration.
21:59:11.230 [Test worker] INFO org.springframework.boot.test.context.SpringBootTestContextBootstrapper -- Found @SpringBootConfiguration dongguk.rangers.RangersApplication for test class dongguk.rangers.RangersApplicationTests

  .   ____          _            __ _ _
 /\\ / ___'_ __ _ _(_)_ __  __ _ \ \ \ \
( ( )\___ | '_ | '_| | '_ \/ _` | \ \ \ \
 \\/  ___)| |_)| | | | | || (_| |  ) ) ) )
  '  |____| .__|_| |_|_| |_\__, | / / / /
 =========|_|==============|___/=/_/_/_/

 :: Spring Boot ::                (v3.3.2)

2024-08-14T21:59:11.370+09:00  INFO 93033 --- [    Test worker] d.rangers.RangersApplicationTests        : Starting RangersApplicationTests using Java 17.0.12 with PID 93033 (started by toni in /Users/toni/Documents/Rangers-BE)
2024-08-14T21:59:11.371+09:00  INFO 93033 --- [    Test worker] d.rangers.RangersApplicationTests        : No active profile set, falling back to 1 default profile: "default"
2024-08-14T21:59:11.555+09:00  INFO 93033 --- [    Test worker] .s.d.r.c.RepositoryConfigurationDelegate : Bootstrapping Spring Data JPA repositories in DEFAULT mode.
2024-08-14T21:59:11.561+09:00  INFO 93033 --- [    Test worker] .s.d.r.c.RepositoryConfigurationDelegate : Finished Spring Data repository scanning in 3 ms. Found 0 JPA repository interfaces.
2024-08-14T21:59:11.689+09:00  INFO 93033 --- [    Test worker] o.hibernate.jpa.internal.util.LogHelper  : HHH000204: Processing PersistenceUnitInfo [name: default]
2024-08-14T21:59:11.703+09:00  INFO 93033 --- [    Test worker] org.hibernate.Version                    : HHH000412: Hibernate ORM core version 6.5.2.Final
2024-08-14T21:59:11.715+09:00  INFO 93033 --- [    Test worker] o.h.c.internal.RegionFactoryInitiator    : HHH000026: Second-level cache disabled
2024-08-14T21:59:11.799+09:00  INFO 93033 --- [    Test worker] o.s.o.j.p.SpringPersistenceUnitInfo      : No LoadTimeWeaver setup: ignoring JPA class transformer
2024-08-14T21:59:11.806+09:00  INFO 93033 --- [    Test worker] com.zaxxer.hikari.HikariDataSource       : HikariPool-1 - Starting...
2024-08-14T21:59:12.165+09:00  INFO 93033 --- [    Test worker] com.zaxxer.hikari.pool.HikariPool        : HikariPool-1 - Added connection com.mysql.cj.jdbc.ConnectionImpl@6a2badb1
2024-08-14T21:59:12.167+09:00  INFO 93033 --- [    Test worker] com.zaxxer.hikari.HikariDataSource       : HikariPool-1 - Start completed.
2024-08-14T21:59:12.240+09:00  WARN 93033 --- [    Test worker] org.hibernate.orm.deprecation            : HHH90000025: MySQLDialect does not need to be specified explicitly using 'hibernate.dialect' (remove the property setting and it will be selected by default)
2024-08-14T21:59:12.338+09:00  INFO 93033 --- [    Test worker] o.h.e.t.j.p.i.JtaPlatformInitiator       : HHH000489: No JTA platform available (set 'hibernate.transaction.jta.platform' to enable JTA platform integration)
2024-08-14T21:59:12.339+09:00  INFO 93033 --- [    Test worker] j.LocalContainerEntityManagerFactoryBean : Initialized JPA EntityManagerFactory for persistence unit 'default'
2024-08-14T21:59:12.386+09:00  WARN 93033 --- [    Test worker] JpaBaseConfiguration$JpaWebConfiguration : spring.jpa.open-in-view is enabled by default. Therefore, database queries may be performed during view rendering. Explicitly configure spring.jpa.open-in-view to disable this warning
2024-08-14T21:59:12.530+09:00  INFO 93033 --- [    Test worker] d.rangers.RangersApplicationTests        : Started RangersApplicationTests in 1.245 seconds (process running for 1.607)
]]></system-out>
  <system-err><![CDATA[]]></system-err>
</testsuite>
